[0mGET / [32m200[0m 2.933 ms - 66[0m
[0mGET /profile [33m404[0m 3.583 ms - 146[0m
[0mGET /api/user/661689a5aa3a52d36775402c/appliedJobs [32m200[0m 553.568 ms - -[0m
[0mGET / [32m200[0m 3.687 ms - 66[0m
[0mGET /profile [33m404[0m 2.289 ms - 146[0m
[0mPATCH /api/application/bulk/apply [32m200[0m 5.149 ms - 79[0m
[0mPATCH /api/application/bulk/apply [32m200[0m 6.186 ms - 79[0m
[0mPATCH /api/application/bulk/apply [32m200[0m 753.998 ms - 279[0m
[0mGET / [36m304[0m 1.403 ms - -[0m
[0mGET / [36m304[0m 0.673 ms - -[0m
[0mGET /favicon.ico [33m404[0m 3.626 ms - 150[0m
[0mGET / [36m304[0m 0.392 ms - -[0m
[0mGET /profile [33m404[0m 2.083 ms - 146[0m
[0mGET /job [33m404[0m 0.584 ms - 142[0m
[0mGET /job [33m404[0m 1.593 ms - 142[0m
[0mGET / [36m304[0m 0.708 ms - -[0m
[0mGET /api/user/661fe660ac628cece0381d25/appliedJobs [32m200[0m 680.597 ms - -[0m
[0mPATCH /api/application/bulk/apply [32m200[0m 754.051 ms - 279[0m
[0mGET / [32m200[0m 2.283 ms - 66[0m
[0mGET /profile [33m404[0m 3.250 ms - 146[0m
[0mPATCH /api/application/bulk/apply [0m-[0m - ms - -[0m
[0mPATCH /api/application/bulk/apply [32m200[0m 50276.389 ms - 279[0m
[0mGET / [36m304[0m 0.841 ms - -[0m
[0mGET /findsalaries [33m404[0m 0.865 ms - 151[0m
