2024-01-20T19:55:45.595Z [31merror[39m:	
Invalid `prisma.application.update()` invocation in
/home/sam/Documents/Allprojects/job-search-app/src/controllers/application.js:151:50

  148 
  149 const data = req.body;
  150 
→ 151 const application = await prisma.application.update({
        where: {
          id: undefined,
      ?   AND?: applicationWhereInput | applicationWhereInput[],
      ?   OR?: applicationWhereInput[],
      ?   NOT?: applicationWhereInput | applicationWhereInput[],
      ?   status?: StringNullableFilter | String | Null,
      ?   jobId?: StringNullableFilter | String | Null,
      ?   userId?: StringNullableFilter | String | Null,
      ?   createdAt?: DateTimeFilter | DateTime,
      ?   updatedAt?: DateTimeFilter | DateTime,
      ?   job?: JobNullableRelationFilter | jobWhereInput | Null,
      ?   user?: UserNullableRelationFilter | userWhereInput | Null
        },
        data: {}
      })

Argument `where` of type applicationWhereUniqueInput needs at least one of `id` arguments. Available options are marked with ?.
