2024-01-20T16:55:52.558Z [31merror[39m:	
Invalid `prisma.job.findMany()` invocation in
/home/sam/Documents/Allprojects/job-search-app/src/controllers/cartegory.js:28:34

  25     id,
  26   },
  27 });
→ 28 const job = await prisma.job.findMany({
       where: {
         industry: "b7dea6b6-f683-4de7-acd2-20c950c9942d"
       },
       include: {
         application: {
           where: {
             has: {
             ~~~
               status: {
                 not: null
               }
             },
     ?       AND?: applicationWhereInput | applicationWhereInput[],
     ?       OR?: applicationWhereInput[],
     ?       NOT?: applicationWhereInput | applicationWhereInput[],
     ?       id?: StringFilter | String,
     ?       status?: StringNullableFilter | String | Null,
     ?       jobId?: StringNullableFilter | String | Null,
     ?       userId?: StringNullableFilter | String | Null,
     ?       createdAt?: DateTimeFilter | DateTime,
     ?       updatedAt?: DateTimeFilter | DateTime,
     ?       job?: JobNullableRelationFilter | jobWhereInput | Null,
     ?       user?: UserNullableRelationFilter | userWhereInput | Null
           }
         }
       }
     })

Unknown argument `has`. Did you mean `AND`? Available options are marked with ?.
