2024-01-20T13:13:05.775Z [31merror[39m:	
Invalid `prisma.application.create()` invocation in
/home/sam/Documents/Allprojects/job-search-app/src/controllers/application.js:7:50

  4 exports.applyJob = async (req, res, next) => {
  5   try {
  6     const data = req.body;
→ 7     const application = await prisma.application.create({
          data: {
            jobId: "4f8ec421-84e7-4229-8981-735053c50987",
            userId: "1367268e-ba9d-49a8-aa24-5c42bf412a14",
        +   status: String
          }
        })

Argument `status` is missing.
2024-01-20T13:13:39.152Z [31merror[39m:	
Invalid `prisma.application.create()` invocation in
/home/sam/Documents/Allprojects/job-search-app/src/controllers/application.js:7:50

  4 exports.applyJob = async (req, res, next) => {
  5   try {
  6     const data = req.body;
→ 7     const application = await prisma.application.create({
          data: {
            jobId: "4f8ec421-84e7-4229-8981-735053c50987",
            userId: "1367268e-ba9d-49a8-aa24-5c42bf412a14",
        +   status: String
          }
        })

Argument `status` is missing.
2024-01-20T13:56:42.638Z [31merror[39m:	
Invalid `prisma.application.create()` invocation in
/home/sam/Documents/Allprojects/job-search-app/src/controllers/application.js:7:50

  4 exports.applyJob = async (req, res, next) => {
  5   try {
  6     const data = req.body;
→ 7     const application = await prisma.application.create({
          data: {
            jobIds: [
            ~~~~~~
              "03ff0176-aeab-4d83-a7d3-fdac75b9140f",
              "8fa50980-ede6-4d8f-8e65-ae6d711e5d8f"
            ],
            userId: "1367268e-ba9d-49a8-aa24-5c42bf412a14",
        ?   id?: String,
        ?   status?: String | Null,
        ?   createdAt?: DateTime,
        ?   updatedAt?: DateTime,
        ?   job?: jobCreateNestedOneWithoutApplicationInput,
        ?   user?: userCreateNestedOneWithoutAppliedJobsInput
          }
        })

Unknown argument `jobIds`. Did you mean `job`? Available options are marked with ?.
