2024-01-18T20:49:03.453Z [31merror[39m:	
Invalid `prisma.admin.update()` invocation in
/home/sam/Documents/Allprojects/job-search-app/src/controllers/admin.js:121:40

  118 if (!admin) {
  119   throw new error.message("Admin not available");
  120 } else {
→ 121   const admin = await prisma.admin.update({
          where: {
            id: "0d0d0379-478a-4ffe-bb71-11e32a917e98"
          },
        + data: adminUpdateInput | adminUncheckedUpdateInput
        })

Argument `data` is missing.
2024-01-18T20:49:34.163Z [31merror[39m:	
Invalid `prisma.admin.update()` invocation in
/home/sam/Documents/Allprojects/job-search-app/src/controllers/admin.js:122:40

  119 if (!admin) {
  120   throw new error.message("Admin not available");
  121 } else {
→ 122   const admin = await prisma.admin.update({
          where: {
            id: "0d0d0379-478a-4ffe-bb71-11e32a917e98"
          },
        + data: adminUpdateInput | adminUncheckedUpdateInput
        })

Argument `data` is missing.
2024-01-18T20:51:08.962Z [31merror[39m:	error.message is not a constructor
2024-01-18T20:51:42.255Z [31merror[39m:	error.message is not a constructor
2024-01-18T20:52:13.626Z [31merror[39m:	error is not a constructor
2024-01-18T20:52:14.775Z [31merror[39m:	error is not a constructor
2024-01-18T20:52:15.624Z [31merror[39m:	error is not a constructor
2024-01-18T20:52:55.257Z [31merror[39m:	error.message is not a constructor
