2024-01-21T04:14:12.018Z [31merror[39m:	Cannot convert undefined or null to object
2024-01-21T04:14:45.870Z [31merror[39m:	Cannot convert undefined or null to object
2024-01-21T04:14:59.401Z [31merror[39m:	Cannot convert undefined or null to object
2024-01-21T04:15:19.523Z [31merror[39m:	Cannot convert undefined or null to object
2024-01-21T04:16:13.018Z [31merror[39m:	Cannot convert undefined or null to object
2024-01-21T04:16:50.032Z [31merror[39m:	Cannot convert undefined or null to object
2024-01-21T04:17:03.557Z [31merror[39m:	Cannot convert undefined or null to object
2024-01-21T04:17:12.756Z [31merror[39m:	Cannot convert undefined or null to object
2024-01-21T04:19:02.554Z [31merror[39m:	Cannot convert undefined or null to object
2024-01-21T04:19:25.118Z [31merror[39m:	Cannot convert undefined or null to object
2024-01-21T04:19:31.878Z [31merror[39m:	Cannot convert undefined or null to object
2024-01-21T04:19:47.792Z [31merror[39m:	Cannot convert undefined or null to object
2024-01-21T04:21:03.584Z [31merror[39m:	Cannot convert undefined or null to object
2024-01-21T04:21:12.897Z [31merror[39m:	Cannot convert undefined or null to object
2024-01-21T04:21:31.540Z [31merror[39m:	Cannot convert undefined or null to object
2024-01-21T04:22:56.065Z [31merror[39m:	Cannot convert undefined or null to object
2024-01-21T04:31:52.999Z [31merror[39m:	User has already registered!
2024-01-21T04:40:24.418Z [31merror[39m:	[object Object],[object Object]
2024-01-21T04:40:24.550Z [31merror[39m:	User has already registered!
2024-01-21T04:41:15.515Z [31merror[39m:	[object Object],[object Object]
2024-01-21T04:41:15.609Z [31merror[39m:	User has already registered!
2024-01-21T04:41:53.404Z [31merror[39m:	[object Object],[object Object]
2024-01-21T04:41:53.442Z [31merror[39m:	User has already registered!
2024-01-21T04:42:34.864Z [31merror[39m:	[object Object],[object Object]
2024-01-21T04:42:34.882Z [31merror[39m:	User has already registered!
2024-01-21T04:42:56.626Z [31merror[39m:	[object Object],[object Object]
2024-01-21T04:42:56.759Z [31merror[39m:	User has already registered!
2024-01-21T04:43:25.801Z [31merror[39m:	User has already registered!
2024-01-21T04:43:40.847Z [31merror[39m:	[object Object]
2024-01-21T04:43:40.977Z [31merror[39m:	Cannot set headers after they are sent to the client
2024-01-21T04:43:48.260Z [31merror[39m:	[object Object]
2024-01-21T04:43:48.375Z [31merror[39m:	Cannot set headers after they are sent to the client
