2024-01-17T01:15:20.672Z [31merror[39m:	
Invalid `prisma.admin.findMany()` invocation in
/home/sam/Documents/Allprojects/job-search-app/src/utils/setup.js:12:42

   9 exports.run = async () => {
  10   try {
  11     console.log("Checking for super admin");
→ 12     const findUsers = await prisma.admin.findMany(
The column `admin.createdAt` does not exist in the current database.
2024-01-17T01:39:59.206Z [31merror[39m:	Cannot read properties of undefined (reading 'findFirst')
2024-01-17T01:39:59.211Z [31merror[39m:	User has already registered!
2024-01-17T01:40:04.901Z [31merror[39m:	Cannot read properties of undefined (reading 'findFirst')
2024-01-17T01:40:04.904Z [31merror[39m:	User has already registered!
2024-01-17T01:40:30.168Z [31merror[39m:	Cannot read properties of undefined (reading 'findFirst')
2024-01-17T01:40:30.170Z [31merror[39m:	User has already registered!
2024-01-17T01:41:13.776Z [31merror[39m:	Cannot read properties of undefined (reading 'findFirst')
2024-01-17T01:41:13.782Z [31merror[39m:	User has already registered!
2024-01-17T01:42:11.032Z [31merror[39m:	Cannot read properties of undefined (reading 'findFirst')
2024-01-17T01:42:11.036Z [31merror[39m:	User has already registered!
2024-01-17T01:42:52.530Z [31merror[39m:	secretOrPrivateKey must have a value
2024-01-17T01:42:52.531Z [31merror[39m:	Converting circular structure to JSON
    --> starting at object with constructor 'DerivedLogger'
    |     property '_readableState' -> object with constructor 'ReadableState'
    |     property 'pipes' -> object with constructor 'Array'
    |     index 0 -> object with constructor 'DailyRotateFile'
    --- property 'parent' closes the circle
2024-01-17T01:46:30.122Z [31merror[39m:	User has already registered!
