2024-01-21T01:05:59.413Z [31merror[39m:	
Invalid `prisma.cartegory.findMany()` invocation in
/home/sam/Documents/Allprojects/job-search-app/src/controllers/cartegory.js:51:48

  48 exports.getAllCartegories = async (req, res, next) => {
  49   try {
  50     const search = req.query;
→ 51     const cartegories = await prisma.cartegory.findMany({
           where: {
             name: {
               contains: {
                 name: "IT Consultant",
         +       _ref: String
               }
             }
           },
           include: {
             jobs: true
           }
         })

Argument `_ref` is missing.
2024-01-21T01:37:05.138Z [31merror[39m:	
Invalid `prisma.application.create()` invocation in
/home/sam/Documents/Allprojects/job-search-app/src/controllers/application.js:8:50

  5 try {
  6   const data = req.body;
  7   data.status = "Pending";
→ 8   const application = await prisma.application.create({
        data: {
          jobId: "4f8ec421-84e7-4229-8981-735053c50987",
          ~~~~~
          userId: "bc173e8b-c359-461a-b627-6961dbc5485f",
          fds: "owq",
          status: "Pending",
      ?   id?: String,
      ?   createdAt?: DateTime,
      ?   updatedAt?: DateTime,
      ?   job?: jobCreateNestedOneWithoutApplicationInput,
      ?   user?: userCreateNestedOneWithoutAppliedJobsInput
        }
      })

Unknown argument `jobId`. Did you mean `job`? Available options are marked with ?.
2024-01-21T01:37:05.138Z [31merror[39m:		
Invalid `prisma.application.create()` invocation in
/home/sam/Documents/Allprojects/job-search-app/src/controllers/application.js:8:50

  5 try {
  6   const data = req.body;
  7   data.status = "Pending";
→ 8   const application = await prisma.application.create({
        data: {
          jobId: "4f8ec421-84e7-4229-8981-735053c50987",
          ~~~~~
          userId: "bc173e8b-c359-461a-b627-6961dbc5485f",
          fds: "owq",
          status: "Pending",
      ?   id?: String,
      ?   createdAt?: DateTime,
      ?   updatedAt?: DateTime,
      ?   job?: jobCreateNestedOneWithoutApplicationInput,
      ?   user?: userCreateNestedOneWithoutAppliedJobsInput
        }
      })

Unknown argument `jobId`. Did you mean `job`? Available options are marked with ?.
2024-01-21T01:37:32.074Z [31merror[39m:	
Invalid `prisma.application.create()` invocation in
/home/sam/Documents/Allprojects/job-search-app/src/controllers/application.js:8:50

  5 try {
  6   const data = req.body;
  7   data.status = "Pending";
→ 8   const application = await prisma.application.create({
        data: {
          jobId: "4f8ec421-84e7-4229-8981-735053c50987",
          ~~~~~
          userId: "bc173e8b-c359-461a-b627-6961dbc5485f",
          fds: "owq",
          status: "Pending",
      ?   id?: String,
      ?   createdAt?: DateTime,
      ?   updatedAt?: DateTime,
      ?   job?: jobCreateNestedOneWithoutApplicationInput,
      ?   user?: userCreateNestedOneWithoutAppliedJobsInput
        }
      })

Unknown argument `jobId`. Did you mean `job`? Available options are marked with ?.
2024-01-21T01:37:32.074Z [31merror[39m:		
Invalid `prisma.application.create()` invocation in
/home/sam/Documents/Allprojects/job-search-app/src/controllers/application.js:8:50

  5 try {
  6   const data = req.body;
  7   data.status = "Pending";
→ 8   const application = await prisma.application.create({
        data: {
          jobId: "4f8ec421-84e7-4229-8981-735053c50987",
          ~~~~~
          userId: "bc173e8b-c359-461a-b627-6961dbc5485f",
          fds: "owq",
          status: "Pending",
      ?   id?: String,
      ?   createdAt?: DateTime,
      ?   updatedAt?: DateTime,
      ?   job?: jobCreateNestedOneWithoutApplicationInput,
      ?   user?: userCreateNestedOneWithoutAppliedJobsInput
        }
      })

Unknown argument `jobId`. Did you mean `job`? Available options are marked with ?.
2024-01-21T01:37:48.980Z [31merror[39m:	
Invalid `prisma.application.create()` invocation in
/home/sam/Documents/Allprojects/job-search-app/src/controllers/application.js:8:50

  5 try {
  6   const data = req.body;
  7   data.status = "Pending";
→ 8   const application = await prisma.application.create({
        data: {
          jobId: "4f8ec421-84e7-4229-8981-735053c50987",
          ~~~~~
          userId: "bc173e8b-c359-461a-b627-6961dbc5485f",
          fds: "owq",
          status: "Pending",
      ?   id?: String,
      ?   createdAt?: DateTime,
      ?   updatedAt?: DateTime,
      ?   job?: jobCreateNestedOneWithoutApplicationInput,
      ?   user?: userCreateNestedOneWithoutAppliedJobsInput
        }
      })

Unknown argument `jobId`. Did you mean `job`? Available options are marked with ?.
2024-01-21T01:37:48.980Z [31merror[39m:		
Invalid `prisma.application.create()` invocation in
/home/sam/Documents/Allprojects/job-search-app/src/controllers/application.js:8:50

  5 try {
  6   const data = req.body;
  7   data.status = "Pending";
→ 8   const application = await prisma.application.create({
        data: {
          jobId: "4f8ec421-84e7-4229-8981-735053c50987",
          ~~~~~
          userId: "bc173e8b-c359-461a-b627-6961dbc5485f",
          fds: "owq",
          status: "Pending",
      ?   id?: String,
      ?   createdAt?: DateTime,
      ?   updatedAt?: DateTime,
      ?   job?: jobCreateNestedOneWithoutApplicationInput,
      ?   user?: userCreateNestedOneWithoutAppliedJobsInput
        }
      })

Unknown argument `jobId`. Did you mean `job`? Available options are marked with ?.
2024-01-21T01:38:12.423Z [31merror[39m:	
Invalid `prisma.application.create()` invocation in
/home/sam/Documents/Allprojects/job-search-app/src/controllers/application.js:8:50

  5 try {
  6   const data = req.body;
  7   data.status = "Pending";
→ 8   const application = await prisma.application.create({
        data: {
          jobId: "4f8ec421-84e7-4229-8981-735053c50987",
          ~~~~~
          userId: "bc173e8b-c359-461a-b627-6961dbc5485f",
          fds: "owq",
          status: "Pending",
      ?   id?: String,
      ?   createdAt?: DateTime,
      ?   updatedAt?: DateTime,
      ?   job?: jobCreateNestedOneWithoutApplicationInput,
      ?   user?: userCreateNestedOneWithoutAppliedJobsInput
        }
      })

Unknown argument `jobId`. Did you mean `job`? Available options are marked with ?.
2024-01-21T01:39:12.109Z [31merror[39m:	
Invalid `prisma.application.create()` invocation in
/home/sam/Documents/Allprojects/job-search-app/src/controllers/application.js:8:50

  5 try {
  6   const data = req.body;
  7   data.status = "Pending";
→ 8   const application = await prisma.application.create({
        data: {
          jobId: "4f8ec421-84e7-4229-8981-735053c50987",
          ~~~~~
          userId: "bc173e8b-c359-461a-b627-6961dbc5485f",
          fds: "owq",
          status: "Pending",
      ?   id?: String,
      ?   createdAt?: DateTime,
      ?   updatedAt?: DateTime,
      ?   job?: jobCreateNestedOneWithoutApplicationInput,
      ?   user?: userCreateNestedOneWithoutAppliedJobsInput
        }
      })

Unknown argument `jobId`. Did you mean `job`? Available options are marked with ?.
2024-01-21T01:39:19.348Z [31merror[39m:	
Invalid `prisma.application.create()` invocation in
/home/sam/Documents/Allprojects/job-search-app/src/controllers/application.js:8:50

  5 try {
  6   const data = req.body;
  7   data.status = "Pending";
→ 8   const application = await prisma.application.create({
        data: {
          jobId: "4f8ec421-84e7-4229-8981-735053c50987",
          ~~~~~
          userId: "bc173e8b-c359-461a-b627-6961dbc5485f",
          fds: "owq",
          status: "Pending",
      ?   id?: String,
      ?   createdAt?: DateTime,
      ?   updatedAt?: DateTime,
      ?   job?: jobCreateNestedOneWithoutApplicationInput,
      ?   user?: userCreateNestedOneWithoutAppliedJobsInput
        }
      })

Unknown argument `jobId`. Did you mean `job`? Available options are marked with ?.
2024-01-21T01:39:19.348Z [31merror[39m:		
Invalid `prisma.application.create()` invocation in
/home/sam/Documents/Allprojects/job-search-app/src/controllers/application.js:8:50

  5 try {
  6   const data = req.body;
  7   data.status = "Pending";
→ 8   const application = await prisma.application.create({
        data: {
          jobId: "4f8ec421-84e7-4229-8981-735053c50987",
          ~~~~~
          userId: "bc173e8b-c359-461a-b627-6961dbc5485f",
          fds: "owq",
          status: "Pending",
      ?   id?: String,
      ?   createdAt?: DateTime,
      ?   updatedAt?: DateTime,
      ?   job?: jobCreateNestedOneWithoutApplicationInput,
      ?   user?: userCreateNestedOneWithoutAppliedJobsInput
        }
      })

Unknown argument `jobId`. Did you mean `job`? Available options are marked with ?.
2024-01-21T01:49:33.646Z [31merror[39m:	data must be a string or Buffer and salt must either be a salt string or a number of rounds
2024-01-21T01:49:33.646Z [31merror[39m:		data must be a string or Buffer and salt must either be a salt string or a number of rounds
2024-01-21T01:51:04.408Z [31merror[39m:	Cannot convert undefined or null to object
2024-01-21T01:53:42.243Z [31merror[39m:	
Invalid `prisma.admin.delete()` invocation in
/home/sam/Documents/Allprojects/job-search-app/src/controllers/admin.js:167:51

  164 exports.deleteAdmin = async (req, res, next) => {
  165   try {
  166     const { id } = req.params;
→ 167     const deletedAdmin = await prisma.admin.delete(
An operation failed because it depends on one or more records that were required but not found. Record to delete does not exist.
2024-01-21T01:53:42.243Z [31merror[39m:		
Invalid `prisma.admin.delete()` invocation in
/home/sam/Documents/Allprojects/job-search-app/src/controllers/admin.js:167:51

  164 exports.deleteAdmin = async (req, res, next) => {
  165   try {
  166     const { id } = req.params;
→ 167     const deletedAdmin = await prisma.admin.delete(
An operation failed because it depends on one or more records that were required but not found. Record to delete does not exist.
2024-01-21T01:55:17.385Z [31merror[39m:	error is not a constructor
2024-01-21T01:55:17.385Z [31merror[39m:		error is not a constructor
2024-01-21T01:56:03.267Z [31merror[39m:	error.message is not a constructor
2024-01-21T01:56:03.267Z [31merror[39m:		error.message is not a constructor
2024-01-21T01:57:23.139Z [31merror[39m:	Admin not found!
2024-01-21T01:57:23.139Z [31merror[39m:		Admin not found!
